0 verbose cli /usr/local/bin/node /usr/local/bin/npm
1 info using npm@10.8.2
2 info using node@v20.19.5
3 silly config load:file:/usr/local/lib/node_modules/npm/npmrc
4 silly config load:file:/workspace/.npmrc
5 silly config load:file:/usr/local/etc/npmrc
6 verbose title npm i @types/js-yaml
7 verbose argv "i" "--save-dev" "@types/js-yaml"
8 verbose logfile logs-max:10 dir:/workspace/.npm/_logs/2025-10-14T02_34_23_139Z-
9 verbose logfile /workspace/.npm/_logs/2025-10-14T02_34_23_139Z-debug-0.log
10 silly packumentCache heap:1047789568 maxSize:261947392 maxEntrySize:130973696
11 silly logfile done cleaning log files
12 silly idealTree buildDeps
13 silly fetch manifest @types/js-yaml@*
14 silly packumentCache full:https://registry.npmjs.org/@types%2fjs-yaml cache-miss
15 http fetch GET 200 https://registry.npmjs.org/@types%2fjs-yaml 179ms (cache miss)
16 silly packumentCache full:https://registry.npmjs.org/@types%2fjs-yaml set size:undefined disposed:false
17 silly placeDep ROOT @types/js-yaml@4.0.9 OK for:  want: *
18 silly reify moves {}
19 silly audit bulk request {
19 silly audit   '@monaco-editor/loader': [ '1.6.0' ],
19 silly audit   '@monaco-editor/react': [ '4.7.0' ],
19 silly audit   '@patternfly/react-code-editor': [ '6.3.1' ],
19 silly audit   '@patternfly/react-core': [ '6.3.1' ],
19 silly audit   '@patternfly/react-icons': [ '6.3.1' ],
19 silly audit   '@patternfly/react-styles': [ '6.3.1' ],
19 silly audit   '@patternfly/react-tokens': [ '6.3.1' ],
19 silly audit   argparse: [ '2.0.1' ],
19 silly audit   'attr-accept': [ '2.2.5' ],
19 silly audit   cookie: [ '1.0.2' ],
19 silly audit   dompurify: [ '3.1.7' ],
19 silly audit   'file-selector': [ '2.1.2' ],
19 silly audit   'focus-trap': [ '7.6.4' ],
19 silly audit   'js-tokens': [ '4.0.0' ],
19 silly audit   'js-yaml': [ '4.1.0' ],
19 silly audit   'loose-envify': [ '1.4.0' ],
19 silly audit   marked: [ '14.0.0' ],
19 silly audit   'monaco-editor': [ '0.54.0' ],
19 silly audit   'object-assign': [ '4.1.1' ],
19 silly audit   'prop-types': [ '15.8.1' ],
19 silly audit   react: [ '19.2.0' ],
19 silly audit   'react-dom': [ '19.2.0' ],
19 silly audit   'react-dropzone': [ '14.3.5' ],
19 silly audit   'react-is': [ '16.13.1' ],
19 silly audit   'react-router': [ '7.9.4' ],
19 silly audit   'react-router-dom': [ '7.9.4' ],
19 silly audit   scheduler: [ '0.27.0' ],
19 silly audit   'set-cookie-parser': [ '2.7.1' ],
19 silly audit   'state-local': [ '1.0.7' ],
19 silly audit   tabbable: [ '6.2.0' ],
19 silly audit   tslib: [ '2.8.1' ],
19 silly audit   '@types/js-yaml': [ '4.0.9' ]
19 silly audit }
20 silly tarball no local data for @types/js-yaml@https://registry.npmjs.org/@types/js-yaml/-/js-yaml-4.0.9.tgz. Extracting by manifest.
21 http fetch GET 200 https://registry.npmjs.org/@types/js-yaml/-/js-yaml-4.0.9.tgz 101ms (cache miss)
22 http fetch POST 200 https://registry.npmjs.org/-/npm/v1/security/advisories/bulk 109ms
23 silly audit report {
23 silly audit report   dompurify: [
23 silly audit report     {
23 silly audit report       id: 1105772,
23 silly audit report       url: 'https://github.com/advisories/GHSA-vhxf-7vqr-mrjg',
23 silly audit report       title: 'DOMPurify allows Cross-site Scripting (XSS)',
23 silly audit report       severity: 'moderate',
23 silly audit report       vulnerable_versions: '<3.2.4',
23 silly audit report       cwe: [Array],
23 silly audit report       cvss: [Object]
23 silly audit report     }
23 silly audit report   ]
23 silly audit report }
24 silly packumentCache corgi:https://registry.npmjs.org/dompurify cache-miss
25 http fetch GET 200 https://registry.npmjs.org/dompurify 80ms (cache miss)
26 silly packumentCache corgi:https://registry.npmjs.org/dompurify set size:undefined disposed:false
27 silly packumentCache corgi:https://registry.npmjs.org/monaco-editor cache-miss
28 http fetch GET 200 https://registry.npmjs.org/monaco-editor 116ms (cache miss)
29 silly packumentCache corgi:https://registry.npmjs.org/monaco-editor set size:undefined disposed:false
30 silly packumentCache corgi:https://registry.npmjs.org/@monaco-editor%2freact cache-miss
31 http fetch GET 200 https://registry.npmjs.org/@monaco-editor%2freact 394ms (cache miss)
32 silly packumentCache corgi:https://registry.npmjs.org/@monaco-editor%2freact set size:undefined disposed:false
33 silly ADD node_modules/@types/js-yaml
34 verbose cwd /workspace
35 verbose os Linux 6.8.8-300.fc40.aarch64
36 verbose node v20.19.5
37 verbose npm  v10.8.2
38 verbose exit 0
39 info ok
