0 verbose cli /usr/local/bin/node /usr/local/bin/npm
1 info using npm@10.8.2
2 info using node@v20.19.5
3 silly config load:file:/usr/local/lib/node_modules/npm/npmrc
4 silly config load:file:/workspace/.npmrc
5 silly config load:file:/usr/local/etc/npmrc
6 verbose title npm install
7 verbose argv "install"
8 verbose logfile logs-max:10 dir:/workspace/.npm/_logs/2025-10-14T02_38_15_601Z-
9 verbose logfile /workspace/.npm/_logs/2025-10-14T02_38_15_601Z-debug-0.log
10 silly packumentCache heap:1047789568 maxSize:261947392 maxEntrySize:130973696
11 silly logfile done cleaning log files
12 silly idealTree buildDeps
13 silly fetch manifest react@^19.0.0
14 silly packumentCache full:https://registry.npmjs.org/react cache-miss
15 http fetch GET 200 https://registry.npmjs.org/react 19ms (cache hit)
16 silly packumentCache full:https://registry.npmjs.org/react set size:6157449 disposed:false
17 silly fetch manifest react-dom@^19.0.0
18 silly packumentCache full:https://registry.npmjs.org/react-dom cache-miss
19 http fetch GET 200 https://registry.npmjs.org/react-dom 12ms (cache hit)
20 silly packumentCache full:https://registry.npmjs.org/react-dom set size:8023405 disposed:false
21 silly placeDep ROOT react@19.2.0 REPLACE for: ocp-rbac-builder@0.1.0 want: ^19.0.0
22 warn ERESOLVE overriding peer dependency {
22 warn ERESOLVE   code: 'ERESOLVE',
22 warn ERESOLVE   edge: {
22 warn ERESOLVE     type: 'peer',
22 warn ERESOLVE     name: 'react',
22 warn ERESOLVE     spec: '^18.3.1',
22 warn ERESOLVE     from: {
22 warn ERESOLVE       name: 'react-dom',
22 warn ERESOLVE       version: '18.3.1',
22 warn ERESOLVE       location: 'node_modules/react-dom',
22 warn ERESOLVE       isWorkspace: false,
22 warn ERESOLVE       dependents: [Array]
22 warn ERESOLVE     }
22 warn ERESOLVE   },
22 warn ERESOLVE   dep: {
22 warn ERESOLVE     name: 'react',
22 warn ERESOLVE     version: '19.2.0',
22 warn ERESOLVE     whileInstalling: { name: 'ocp-rbac-builder', version: '0.1.0', path: '/workspace' },
22 warn ERESOLVE     location: 'node_modules/react',
22 warn ERESOLVE     isWorkspace: false,
22 warn ERESOLVE     dependents: [ [Object] ]
22 warn ERESOLVE   },
22 warn ERESOLVE   force: false,
22 warn ERESOLVE   isMine: true,
22 warn ERESOLVE   strictPeerDeps: false,
22 warn ERESOLVE   current: {
22 warn ERESOLVE     name: 'react',
22 warn ERESOLVE     version: '18.3.1',
22 warn ERESOLVE     location: 'node_modules/react',
22 warn ERESOLVE     isWorkspace: false,
22 warn ERESOLVE     dependents: [
22 warn ERESOLVE       [Object], [Object],
22 warn ERESOLVE       [Object], [Object],
22 warn ERESOLVE       [Object], [Object],
22 warn ERESOLVE       [Object], [Object],
22 warn ERESOLVE       [Object], [Object],
22 warn ERESOLVE       [Object]
22 warn ERESOLVE     ]
22 warn ERESOLVE   }
22 warn ERESOLVE }
23 warn ERESOLVE overriding peer dependency {
23 warn ERESOLVE   code: 'ERESOLVE',
23 warn ERESOLVE   edge: {
23 warn ERESOLVE     type: 'peer',
23 warn ERESOLVE     name: 'react',
23 warn ERESOLVE     spec: '^18.3.1',
23 warn ERESOLVE     from: {
23 warn ERESOLVE       name: 'react-dom',
23 warn ERESOLVE       version: '18.3.1',
23 warn ERESOLVE       location: 'node_modules/react-dom',
23 warn ERESOLVE       isWorkspace: false,
23 warn ERESOLVE       dependents: [Array]
23 warn ERESOLVE     }
23 warn ERESOLVE   },
23 warn ERESOLVE   dep: {
23 warn ERESOLVE     name: 'react',
23 warn ERESOLVE     version: '19.2.0',
23 warn ERESOLVE     whileInstalling: { name: 'ocp-rbac-builder', version: '0.1.0', path: '/workspace' },
23 warn ERESOLVE     location: 'node_modules/react',
23 warn ERESOLVE     isWorkspace: false,
23 warn ERESOLVE     dependents: [ [Object] ]
23 warn ERESOLVE   },
23 warn ERESOLVE   force: false,
23 warn ERESOLVE   isMine: true,
23 warn ERESOLVE   strictPeerDeps: false,
23 warn ERESOLVE   current: {
23 warn ERESOLVE     name: 'react',
23 warn ERESOLVE     version: '18.3.1',
23 warn ERESOLVE     location: 'node_modules/react',
23 warn ERESOLVE     isWorkspace: false,
23 warn ERESOLVE     dependents: [
23 warn ERESOLVE       [Object], [Object],
23 warn ERESOLVE       [Object], [Object],
23 warn ERESOLVE       [Object], [Object],
23 warn ERESOLVE       [Object], [Object],
23 warn ERESOLVE       [Object], [Object],
23 warn ERESOLVE       [Object]
23 warn ERESOLVE     ]
23 warn ERESOLVE   }
23 warn ERESOLVE }
24 warn ERESOLVE overriding peer dependency {
24 warn ERESOLVE   code: 'ERESOLVE',
24 warn ERESOLVE   edge: {
24 warn ERESOLVE     type: 'peer',
24 warn ERESOLVE     name: 'react',
24 warn ERESOLVE     spec: '^18.3.1',
24 warn ERESOLVE     from: {
24 warn ERESOLVE       name: 'react-dom',
24 warn ERESOLVE       version: '18.3.1',
24 warn ERESOLVE       location: 'node_modules/react-dom',
24 warn ERESOLVE       isWorkspace: false,
24 warn ERESOLVE       dependents: [Array]
24 warn ERESOLVE     }
24 warn ERESOLVE   },
24 warn ERESOLVE   dep: {
24 warn ERESOLVE     name: 'react',
24 warn ERESOLVE     version: '19.2.0',
24 warn ERESOLVE     whileInstalling: { name: 'ocp-rbac-builder', version: '0.1.0', path: '/workspace' },
24 warn ERESOLVE     location: 'node_modules/react',
24 warn ERESOLVE     isWorkspace: false,
24 warn ERESOLVE     dependents: [ [Object] ]
24 warn ERESOLVE   },
24 warn ERESOLVE   force: false,
24 warn ERESOLVE   isMine: true,
24 warn ERESOLVE   strictPeerDeps: false,
24 warn ERESOLVE   current: {
24 warn ERESOLVE     name: 'react',
24 warn ERESOLVE     version: '18.3.1',
24 warn ERESOLVE     location: 'node_modules/react',
24 warn ERESOLVE     isWorkspace: false,
24 warn ERESOLVE     dependents: [
24 warn ERESOLVE       [Object], [Object],
24 warn ERESOLVE       [Object], [Object],
24 warn ERESOLVE       [Object], [Object],
24 warn ERESOLVE       [Object], [Object],
24 warn ERESOLVE       [Object], [Object],
24 warn ERESOLVE       [Object]
24 warn ERESOLVE     ]
24 warn ERESOLVE   }
24 warn ERESOLVE }
25 warn ERESOLVE overriding peer dependency {
25 warn ERESOLVE   code: 'ERESOLVE',
25 warn ERESOLVE   edge: {
25 warn ERESOLVE     type: 'peer',
25 warn ERESOLVE     name: 'react',
25 warn ERESOLVE     spec: '^18.3.1',
25 warn ERESOLVE     from: {
25 warn ERESOLVE       name: 'react-dom',
25 warn ERESOLVE       version: '18.3.1',
25 warn ERESOLVE       location: 'node_modules/react-dom',
25 warn ERESOLVE       isWorkspace: false,
25 warn ERESOLVE       dependents: [Array]
25 warn ERESOLVE     }
25 warn ERESOLVE   },
25 warn ERESOLVE   dep: {
25 warn ERESOLVE     name: 'react',
25 warn ERESOLVE     version: '19.2.0',
25 warn ERESOLVE     whileInstalling: { name: 'ocp-rbac-builder', version: '0.1.0', path: '/workspace' },
25 warn ERESOLVE     location: 'node_modules/react',
25 warn ERESOLVE     isWorkspace: false,
25 warn ERESOLVE     dependents: [ [Object] ]
25 warn ERESOLVE   },
25 warn ERESOLVE   force: false,
25 warn ERESOLVE   isMine: true,
25 warn ERESOLVE   strictPeerDeps: false,
25 warn ERESOLVE   current: {
25 warn ERESOLVE     name: 'react',
25 warn ERESOLVE     version: '18.3.1',
25 warn ERESOLVE     location: 'node_modules/react',
25 warn ERESOLVE     isWorkspace: false,
25 warn ERESOLVE     dependents: [
25 warn ERESOLVE       [Object], [Object],
25 warn ERESOLVE       [Object], [Object],
25 warn ERESOLVE       [Object], [Object],
25 warn ERESOLVE       [Object], [Object],
25 warn ERESOLVE       [Object], [Object],
25 warn ERESOLVE       [Object]
25 warn ERESOLVE     ]
25 warn ERESOLVE   }
25 warn ERESOLVE }
26 silly placeDep ROOT react-dom@19.2.0 REPLACE for: ocp-rbac-builder@0.1.0 want: ^19.0.0
27 silly fetch manifest scheduler@^0.27.0
28 silly packumentCache full:https://registry.npmjs.org/scheduler cache-miss
29 http fetch GET 200 https://registry.npmjs.org/scheduler 9ms (cache hit)
30 silly packumentCache full:https://registry.npmjs.org/scheduler set size:5147877 disposed:false
31 silly fetch manifest @patternfly/react-core@^6.3.1
32 silly packumentCache full:https://registry.npmjs.org/@patternfly%2freact-core cache-miss
33 http fetch GET 200 https://registry.npmjs.org/@patternfly%2freact-core 15ms (cache hit)
34 silly packumentCache full:https://registry.npmjs.org/@patternfly%2freact-core set size:9934390 disposed:false
35 silly fetch manifest @patternfly/react-icons@^6.3.1
36 silly packumentCache full:https://registry.npmjs.org/@patternfly%2freact-icons cache-miss
37 http fetch GET 200 https://registry.npmjs.org/@patternfly%2freact-icons 8ms (cache hit)
38 silly packumentCache full:https://registry.npmjs.org/@patternfly%2freact-icons set size:3261991 disposed:false
39 silly placeDep ROOT @patternfly/react-core@6.3.1 OK for: ocp-rbac-builder@0.1.0 want: ^6.3.1
40 silly placeDep ROOT @patternfly/react-icons@6.3.1 OK for: ocp-rbac-builder@0.1.0 want: ^6.3.1
41 silly fetch manifest focus-trap@7.6.4
42 silly packumentCache full:https://registry.npmjs.org/focus-trap cache-miss
43 silly fetch manifest @patternfly/react-tokens@^6.3.1
44 silly packumentCache full:https://registry.npmjs.org/@patternfly%2freact-tokens cache-miss
45 http fetch GET 200 https://registry.npmjs.org/focus-trap 4ms (cache hit)
46 silly packumentCache full:https://registry.npmjs.org/focus-trap set size:374777 disposed:false
47 http fetch GET 200 https://registry.npmjs.org/@patternfly%2freact-tokens 7ms (cache hit)
48 silly packumentCache full:https://registry.npmjs.org/@patternfly%2freact-tokens set size:2840389 disposed:false
49 silly fetch manifest @monaco-editor/react@^4.6.0
50 silly packumentCache full:https://registry.npmjs.org/@monaco-editor%2freact cache-miss
51 http fetch GET 200 https://registry.npmjs.org/@monaco-editor%2freact 8ms (cache hit)
52 silly packumentCache full:https://registry.npmjs.org/@monaco-editor%2freact set size:517523 disposed:false
53 silly fetch manifest monaco-editor@>= 0.25.0 < 1
54 silly packumentCache full:https://registry.npmjs.org/monaco-editor cache-miss
55 http fetch GET 200 https://registry.npmjs.org/monaco-editor 6ms (cache hit)
56 silly packumentCache full:https://registry.npmjs.org/monaco-editor set size:3879276 disposed:false
57 silly fetch manifest react@^17 || ^18 || ^19
58 silly packumentCache full:https://registry.npmjs.org/react cache-miss
59 http fetch GET 200 https://registry.npmjs.org/react 11ms (cache hit)
60 silly packumentCache full:https://registry.npmjs.org/react set size:6157449 disposed:false
61 silly fetch manifest react-dom@^17 || ^18 || ^19
62 silly packumentCache full:https://registry.npmjs.org/react-dom cache-miss
63 http fetch GET 200 https://registry.npmjs.org/react-dom 12ms (cache hit)
64 silly packumentCache full:https://registry.npmjs.org/react-dom set size:8023405 disposed:false
65 silly placeDep ROOT @monaco-editor/react@4.7.0 OK for: @patternfly/react-code-editor@6.3.1 want: ^4.6.0
66 silly fetch manifest @monaco-editor/loader@^1.5.0
67 silly packumentCache full:https://registry.npmjs.org/@monaco-editor%2floader cache-miss
68 http fetch GET 200 https://registry.npmjs.org/@monaco-editor%2floader 4ms (cache hit)
69 silly packumentCache full:https://registry.npmjs.org/@monaco-editor%2floader set size:69155 disposed:false
70 silly placeDep ROOT @monaco-editor/loader@1.6.0 OK for: @monaco-editor/react@4.7.0 want: ^1.5.0
71 silly fetch manifest state-local@^1.0.6
72 silly packumentCache full:https://registry.npmjs.org/state-local cache-miss
73 http fetch GET 200 https://registry.npmjs.org/state-local 2ms (cache hit)
74 silly packumentCache full:https://registry.npmjs.org/state-local set size:43206 disposed:false
75 silly placeDep ROOT state-local@1.0.7 OK for: @monaco-editor/loader@1.6.0 want: ^1.0.6
76 silly placeDep ROOT @patternfly/react-tokens@6.3.1 OK for: @patternfly/react-core@6.3.1 want: ^6.3.1
77 silly placeDep ROOT focus-trap@7.6.4 OK for: @patternfly/react-core@6.3.1 want: 7.6.4
78 silly fetch manifest tabbable@^6.2.0
79 silly packumentCache full:https://registry.npmjs.org/tabbable cache-miss
80 http fetch GET 200 https://registry.npmjs.org/tabbable 2ms (cache hit)
81 silly packumentCache full:https://registry.npmjs.org/tabbable set size:288169 disposed:false
82 silly placeDep ROOT tabbable@6.2.0 OK for: focus-trap@7.6.4 want: ^6.2.0
83 silly placeDep ROOT scheduler@0.27.0 OK for: react-dom@19.2.0 want: ^0.27.0
84 silly fetch manifest react-router@7.9.4
85 silly packumentCache full:https://registry.npmjs.org/react-router cache-miss
86 http fetch GET 200 https://registry.npmjs.org/react-router 5ms (cache hit)
87 silly packumentCache full:https://registry.npmjs.org/react-router set size:3320217 disposed:false
88 silly fetch manifest react@>=18
89 silly packumentCache full:https://registry.npmjs.org/react cache-miss
90 http fetch GET 200 https://registry.npmjs.org/react 8ms (cache hit)
91 silly packumentCache full:https://registry.npmjs.org/react set size:6157449 disposed:false
92 silly fetch manifest react-dom@>=18
93 silly packumentCache full:https://registry.npmjs.org/react-dom cache-miss
94 http fetch GET 200 https://registry.npmjs.org/react-dom 14ms (cache hit)
95 silly packumentCache full:https://registry.npmjs.org/react-dom set size:8023405 disposed:false
96 silly placeDep ROOT react-router@7.9.4 OK for: react-router-dom@7.9.4 want: 7.9.4
97 silly fetch manifest cookie@^1.0.1
98 silly packumentCache full:https://registry.npmjs.org/cookie cache-miss
99 silly fetch manifest set-cookie-parser@^2.6.0
100 silly packumentCache full:https://registry.npmjs.org/set-cookie-parser cache-miss
101 http fetch GET 200 https://registry.npmjs.org/cookie 5ms (cache hit)
102 silly packumentCache full:https://registry.npmjs.org/cookie set size:67180 disposed:false
103 http fetch GET 200 https://registry.npmjs.org/set-cookie-parser 5ms (cache hit)
104 silly packumentCache full:https://registry.npmjs.org/set-cookie-parser set size:65405 disposed:false
105 silly placeDep ROOT cookie@1.0.2 OK for: react-router@7.9.4 want: ^1.0.1
106 silly placeDep ROOT set-cookie-parser@2.7.1 OK for: react-router@7.9.4 want: ^2.6.0
107 silly reify mark retired [ '/workspace/node_modules/@types/react-dom' ]
108 silly reify mark retired [ '/workspace/node_modules/react' ]
109 silly reify mark retired [ '/workspace/node_modules/react-dom' ]
110 silly reify mark retired [ '/workspace/node_modules/scheduler' ]
111 silly reify moves {
111 silly reify   '/workspace/node_modules/@types/react-dom': '/workspace/node_modules/@types/.react-dom-j0MGHowy',
111 silly reify   '/workspace/node_modules/react': '/workspace/node_modules/.react-fxWLt8MB',
111 silly reify   '/workspace/node_modules/react-dom': '/workspace/node_modules/.react-dom-iyo9TdwS',
111 silly reify   '/workspace/node_modules/scheduler': '/workspace/node_modules/.scheduler-vmsTfOGV'
111 silly reify }
112 silly audit bulk request {
112 silly audit   '@babel/code-frame': [ '7.27.1' ],
112 silly audit   '@babel/compat-data': [ '7.28.4' ],
112 silly audit   '@babel/core': [ '7.28.4' ],
112 silly audit   '@babel/generator': [ '7.28.3' ],
112 silly audit   '@babel/helper-compilation-targets': [ '7.27.2' ],
112 silly audit   '@babel/helper-globals': [ '7.28.0' ],
112 silly audit   '@babel/helper-module-imports': [ '7.27.1' ],
112 silly audit   '@babel/helper-module-transforms': [ '7.28.3' ],
112 silly audit   '@babel/helper-plugin-utils': [ '7.27.1' ],
112 silly audit   '@babel/helper-string-parser': [ '7.27.1' ],
112 silly audit   '@babel/helper-validator-identifier': [ '7.27.1' ],
112 silly audit   '@babel/helper-validator-option': [ '7.27.1' ],
112 silly audit   '@babel/helpers': [ '7.28.4' ],
112 silly audit   '@babel/parser': [ '7.28.4' ],
112 silly audit   '@babel/plugin-transform-react-jsx-self': [ '7.27.1' ],
112 silly audit   '@babel/plugin-transform-react-jsx-source': [ '7.27.1' ],
112 silly audit   '@babel/template': [ '7.27.2' ],
112 silly audit   '@babel/traverse': [ '7.28.4' ],
112 silly audit   '@babel/types': [ '7.28.4' ],
112 silly audit   '@esbuild/aix-ppc64': [ '0.21.5' ],
112 silly audit   '@esbuild/android-arm': [ '0.21.5' ],
112 silly audit   '@esbuild/android-arm64': [ '0.21.5' ],
112 silly audit   '@esbuild/android-x64': [ '0.21.5' ],
112 silly audit   '@esbuild/darwin-arm64': [ '0.21.5' ],
112 silly audit   '@esbuild/darwin-x64': [ '0.21.5' ],
112 silly audit   '@esbuild/freebsd-arm64': [ '0.21.5' ],
112 silly audit   '@esbuild/freebsd-x64': [ '0.21.5' ],
112 silly audit   '@esbuild/linux-arm': [ '0.21.5' ],
112 silly audit   '@esbuild/linux-arm64': [ '0.21.5' ],
112 silly audit   '@esbuild/linux-ia32': [ '0.21.5' ],
112 silly audit   '@esbuild/linux-loong64': [ '0.21.5' ],
112 silly audit   '@esbuild/linux-mips64el': [ '0.21.5' ],
112 silly audit   '@esbuild/linux-ppc64': [ '0.21.5' ],
112 silly audit   '@esbuild/linux-riscv64': [ '0.21.5' ],
112 silly audit   '@esbuild/linux-s390x': [ '0.21.5' ],
112 silly audit   '@esbuild/linux-x64': [ '0.21.5' ],
112 silly audit   '@esbuild/netbsd-x64': [ '0.21.5' ],
112 silly audit   '@esbuild/openbsd-x64': [ '0.21.5' ],
112 silly audit   '@esbuild/sunos-x64': [ '0.21.5' ],
112 silly audit   '@esbuild/win32-arm64': [ '0.21.5' ],
112 silly audit   '@esbuild/win32-ia32': [ '0.21.5' ],
112 silly audit   '@esbuild/win32-x64': [ '0.21.5' ],
112 silly audit   '@jridgewell/gen-mapping': [ '0.3.13' ],
112 silly audit   '@jridgewell/remapping': [ '2.3.5' ],
112 silly audit   '@jridgewell/resolve-uri': [ '3.1.2' ],
112 silly audit   '@jridgewell/sourcemap-codec': [ '1.5.5' ],
112 silly audit   '@jridgewell/trace-mapping': [ '0.3.31' ],
112 silly audit   '@patternfly/react-code-editor': [ '6.3.1' ],
112 silly audit   '@patternfly/react-styles': [ '6.3.1' ],
112 silly audit   '@rolldown/pluginutils': [ '1.0.0-beta.27' ],
112 silly audit   '@rollup/rollup-android-arm-eabi': [ '4.52.4' ],
112 silly audit   '@rollup/rollup-android-arm64': [ '4.52.4' ],
112 silly audit   '@rollup/rollup-darwin-arm64': [ '4.52.4' ],
112 silly audit   '@rollup/rollup-darwin-x64': [ '4.52.4' ],
112 silly audit   '@rollup/rollup-freebsd-arm64': [ '4.52.4' ],
112 silly audit   '@rollup/rollup-freebsd-x64': [ '4.52.4' ],
112 silly audit   '@rollup/rollup-linux-arm-gnueabihf': [ '4.52.4' ],
112 silly audit   '@rollup/rollup-linux-arm-musleabihf': [ '4.52.4' ],
112 silly audit   '@rollup/rollup-linux-arm64-gnu': [ '4.52.4' ],
112 silly audit   '@rollup/rollup-linux-arm64-musl': [ '4.52.4' ],
112 silly audit   '@rollup/rollup-linux-loong64-gnu': [ '4.52.4' ],
112 silly audit   '@rollup/rollup-linux-ppc64-gnu': [ '4.52.4' ],
112 silly audit   '@rollup/rollup-linux-riscv64-gnu': [ '4.52.4' ],
112 silly audit   '@rollup/rollup-linux-riscv64-musl': [ '4.52.4' ],
112 silly audit   '@rollup/rollup-linux-s390x-gnu': [ '4.52.4' ],
112 silly audit   '@rollup/rollup-linux-x64-gnu': [ '4.52.4' ],
112 silly audit   '@rollup/rollup-linux-x64-musl': [ '4.52.4' ],
112 silly audit   '@rollup/rollup-openharmony-arm64': [ '4.52.4' ],
112 silly audit   '@rollup/rollup-win32-arm64-msvc': [ '4.52.4' ],
112 silly audit   '@rollup/rollup-win32-ia32-msvc': [ '4.52.4' ],
112 silly audit   '@rollup/rollup-win32-x64-gnu': [ '4.52.4' ],
112 silly audit   '@rollup/rollup-win32-x64-msvc': [ '4.52.4' ],
112 silly audit   '@types/babel__core': [ '7.20.5' ],
112 silly audit   '@types/babel__generator': [ '7.27.0' ],
112 silly audit   '@types/babel__template': [ '7.4.4' ],
112 silly audit   '@types/babel__traverse': [ '7.28.0' ],
112 silly audit   '@types/estree': [ '1.0.8' ],
112 silly audit   '@types/js-yaml': [ '4.0.9' ],
112 silly audit   '@types/prop-types': [ '15.7.15' ],
112 silly audit   '@types/react': [ '18.3.26' ],
112 silly audit   '@vitejs/plugin-react': [ '4.7.0' ],
112 silly audit   argparse: [ '2.0.1' ],
112 silly audit   'attr-accept': [ '2.2.5' ],
112 silly audit   'baseline-browser-mapping': [ '2.8.16' ],
112 silly audit   browserslist: [ '4.26.3' ],
112 silly audit   'caniuse-lite': [ '1.0.30001750' ],
112 silly audit   'convert-source-map': [ '2.0.0' ],
112 silly audit   csstype: [ '3.1.3' ],
112 silly audit   debug: [ '4.4.3' ],
112 silly audit   dompurify: [ '3.1.7' ],
112 silly audit   'electron-to-chromium': [ '1.5.235' ],
112 silly audit   esbuild: [ '0.21.5' ],
112 silly audit   escalade: [ '3.2.0' ],
112 silly audit   'file-selector': [ '2.1.2' ],
112 silly audit   fsevents: [ '2.3.3' ],
112 silly audit   gensync: [ '1.0.0-beta.2' ],
112 silly audit   'js-tokens': [ '4.0.0' ],
112 silly audit   'js-yaml': [ '4.1.0' ],
112 silly audit   jsesc: [ '3.1.0' ],
112 silly audit   json5: [ '2.2.3' ],
112 silly audit   'loose-envify': [ '1.4.0' ],
112 silly audit   'lru-cache': [ '5.1.1' ],
112 silly audit   marked: [ '14.0.0' ],
112 silly audit   'monaco-editor': [ '0.54.0' ],
112 silly audit   ms: [ '2.1.3' ],
112 silly audit   nanoid: [ '3.3.11' ],
112 silly audit   'node-releases': [ '2.0.23' ],
112 silly audit   'object-assign': [ '4.1.1' ],
112 silly audit   picocolors: [ '1.1.1' ],
112 silly audit   postcss: [ '8.5.6' ],
112 silly audit   'prop-types': [ '15.8.1' ],
112 silly audit   'react-dropzone': [ '14.3.5' ],
112 silly audit   'react-is': [ '16.13.1' ],
112 silly audit   'react-refresh': [ '0.17.0' ],
112 silly audit   'react-router-dom': [ '7.9.4' ],
112 silly audit   rollup: [ '4.52.4' ],
112 silly audit   semver: [ '6.3.1' ],
112 silly audit   'source-map-js': [ '1.2.1' ],
112 silly audit   tslib: [ '2.8.1' ],
112 silly audit   typescript: [ '5.9.3' ],
112 silly audit   'update-browserslist-db': [ '1.1.3' ],
112 silly audit   'use-sync-external-store': [ '1.6.0' ],
112 silly audit   vite: [ '5.4.20' ],
112 silly audit   yallist: [ '3.1.1' ],
112 silly audit   zustand: [ '4.5.7' ],
112 silly audit   react: [ '19.2.0' ],
112 silly audit   'react-dom': [ '19.2.0' ],
112 silly audit   '@patternfly/react-core': [ '6.3.1' ],
112 silly audit   '@patternfly/react-icons': [ '6.3.1' ],
112 silly audit   '@monaco-editor/react': [ '4.7.0' ],
112 silly audit   '@monaco-editor/loader': [ '1.6.0' ],
112 silly audit   'state-local': [ '1.0.7' ],
112 silly audit   '@patternfly/react-tokens': [ '6.3.1' ],
112 silly audit   'focus-trap': [ '7.6.4' ],
112 silly audit   tabbable: [ '6.2.0' ],
112 silly audit   scheduler: [ '0.27.0' ],
112 silly audit   'react-router': [ '7.9.4' ],
112 silly audit   cookie: [ '1.0.2' ],
112 silly audit   'set-cookie-parser': [ '2.7.1' ]
112 silly audit }
113 verbose reify failed optional dependency /workspace/node_modules/fsevents
114 silly reify mark deleted [ '/workspace/node_modules/fsevents' ]
115 verbose reify failed optional dependency /workspace/node_modules/@rollup/rollup-win32-x64-msvc
116 silly reify mark deleted [ '/workspace/node_modules/@rollup/rollup-win32-x64-msvc' ]
117 verbose reify failed optional dependency /workspace/node_modules/@rollup/rollup-win32-x64-gnu
118 silly reify mark deleted [ '/workspace/node_modules/@rollup/rollup-win32-x64-gnu' ]
119 verbose reify failed optional dependency /workspace/node_modules/@rollup/rollup-win32-ia32-msvc
120 silly reify mark deleted [ '/workspace/node_modules/@rollup/rollup-win32-ia32-msvc' ]
121 verbose reify failed optional dependency /workspace/node_modules/@rollup/rollup-win32-arm64-msvc
122 silly reify mark deleted [ '/workspace/node_modules/@rollup/rollup-win32-arm64-msvc' ]
123 verbose reify failed optional dependency /workspace/node_modules/@rollup/rollup-openharmony-arm64
124 silly reify mark deleted [ '/workspace/node_modules/@rollup/rollup-openharmony-arm64' ]
125 verbose reify failed optional dependency /workspace/node_modules/@rollup/rollup-linux-x64-musl
126 silly reify mark deleted [ '/workspace/node_modules/@rollup/rollup-linux-x64-musl' ]
127 verbose reify failed optional dependency /workspace/node_modules/@rollup/rollup-linux-x64-gnu
128 silly reify mark deleted [ '/workspace/node_modules/@rollup/rollup-linux-x64-gnu' ]
129 verbose reify failed optional dependency /workspace/node_modules/@rollup/rollup-linux-s390x-gnu
130 silly reify mark deleted [ '/workspace/node_modules/@rollup/rollup-linux-s390x-gnu' ]
131 verbose reify failed optional dependency /workspace/node_modules/@rollup/rollup-linux-riscv64-musl
132 silly reify mark deleted [ '/workspace/node_modules/@rollup/rollup-linux-riscv64-musl' ]
133 verbose reify failed optional dependency /workspace/node_modules/@rollup/rollup-linux-riscv64-gnu
134 silly reify mark deleted [ '/workspace/node_modules/@rollup/rollup-linux-riscv64-gnu' ]
135 verbose reify failed optional dependency /workspace/node_modules/@rollup/rollup-linux-ppc64-gnu
136 silly reify mark deleted [ '/workspace/node_modules/@rollup/rollup-linux-ppc64-gnu' ]
137 verbose reify failed optional dependency /workspace/node_modules/@rollup/rollup-linux-loong64-gnu
138 silly reify mark deleted [ '/workspace/node_modules/@rollup/rollup-linux-loong64-gnu' ]
139 verbose reify failed optional dependency /workspace/node_modules/@rollup/rollup-linux-arm-musleabihf
140 silly reify mark deleted [ '/workspace/node_modules/@rollup/rollup-linux-arm-musleabihf' ]
141 verbose reify failed optional dependency /workspace/node_modules/@rollup/rollup-linux-arm-gnueabihf
142 silly reify mark deleted [ '/workspace/node_modules/@rollup/rollup-linux-arm-gnueabihf' ]
143 verbose reify failed optional dependency /workspace/node_modules/@rollup/rollup-freebsd-x64
144 silly reify mark deleted [ '/workspace/node_modules/@rollup/rollup-freebsd-x64' ]
145 verbose reify failed optional dependency /workspace/node_modules/@rollup/rollup-freebsd-arm64
146 silly reify mark deleted [ '/workspace/node_modules/@rollup/rollup-freebsd-arm64' ]
147 verbose reify failed optional dependency /workspace/node_modules/@rollup/rollup-darwin-x64
148 silly reify mark deleted [ '/workspace/node_modules/@rollup/rollup-darwin-x64' ]
149 verbose reify failed optional dependency /workspace/node_modules/@rollup/rollup-darwin-arm64
150 silly reify mark deleted [ '/workspace/node_modules/@rollup/rollup-darwin-arm64' ]
151 verbose reify failed optional dependency /workspace/node_modules/@rollup/rollup-android-arm64
152 silly reify mark deleted [ '/workspace/node_modules/@rollup/rollup-android-arm64' ]
153 verbose reify failed optional dependency /workspace/node_modules/@rollup/rollup-android-arm-eabi
154 silly reify mark deleted [ '/workspace/node_modules/@rollup/rollup-android-arm-eabi' ]
155 verbose reify failed optional dependency /workspace/node_modules/@esbuild/win32-x64
156 silly reify mark deleted [ '/workspace/node_modules/@esbuild/win32-x64' ]
157 verbose reify failed optional dependency /workspace/node_modules/@esbuild/win32-ia32
158 silly reify mark deleted [ '/workspace/node_modules/@esbuild/win32-ia32' ]
159 verbose reify failed optional dependency /workspace/node_modules/@esbuild/win32-arm64
160 silly reify mark deleted [ '/workspace/node_modules/@esbuild/win32-arm64' ]
161 verbose reify failed optional dependency /workspace/node_modules/@esbuild/sunos-x64
162 silly reify mark deleted [ '/workspace/node_modules/@esbuild/sunos-x64' ]
163 verbose reify failed optional dependency /workspace/node_modules/@esbuild/openbsd-x64
164 silly reify mark deleted [ '/workspace/node_modules/@esbuild/openbsd-x64' ]
165 verbose reify failed optional dependency /workspace/node_modules/@esbuild/netbsd-x64
166 silly reify mark deleted [ '/workspace/node_modules/@esbuild/netbsd-x64' ]
167 verbose reify failed optional dependency /workspace/node_modules/@esbuild/linux-x64
168 silly reify mark deleted [ '/workspace/node_modules/@esbuild/linux-x64' ]
169 verbose reify failed optional dependency /workspace/node_modules/@esbuild/linux-s390x
170 silly reify mark deleted [ '/workspace/node_modules/@esbuild/linux-s390x' ]
171 verbose reify failed optional dependency /workspace/node_modules/@esbuild/linux-riscv64
172 silly reify mark deleted [ '/workspace/node_modules/@esbuild/linux-riscv64' ]
173 verbose reify failed optional dependency /workspace/node_modules/@esbuild/linux-ppc64
174 silly reify mark deleted [ '/workspace/node_modules/@esbuild/linux-ppc64' ]
175 verbose reify failed optional dependency /workspace/node_modules/@esbuild/linux-mips64el
176 silly reify mark deleted [ '/workspace/node_modules/@esbuild/linux-mips64el' ]
177 verbose reify failed optional dependency /workspace/node_modules/@esbuild/linux-loong64
178 silly reify mark deleted [ '/workspace/node_modules/@esbuild/linux-loong64' ]
179 verbose reify failed optional dependency /workspace/node_modules/@esbuild/linux-ia32
180 silly reify mark deleted [ '/workspace/node_modules/@esbuild/linux-ia32' ]
181 verbose reify failed optional dependency /workspace/node_modules/@esbuild/linux-arm
182 silly reify mark deleted [ '/workspace/node_modules/@esbuild/linux-arm' ]
183 verbose reify failed optional dependency /workspace/node_modules/@esbuild/freebsd-x64
184 silly reify mark deleted [ '/workspace/node_modules/@esbuild/freebsd-x64' ]
185 verbose reify failed optional dependency /workspace/node_modules/@esbuild/freebsd-arm64
186 silly reify mark deleted [ '/workspace/node_modules/@esbuild/freebsd-arm64' ]
187 verbose reify failed optional dependency /workspace/node_modules/@esbuild/darwin-x64
188 silly reify mark deleted [ '/workspace/node_modules/@esbuild/darwin-x64' ]
189 verbose reify failed optional dependency /workspace/node_modules/@esbuild/darwin-arm64
190 silly reify mark deleted [ '/workspace/node_modules/@esbuild/darwin-arm64' ]
191 verbose reify failed optional dependency /workspace/node_modules/@esbuild/android-x64
192 silly reify mark deleted [ '/workspace/node_modules/@esbuild/android-x64' ]
193 verbose reify failed optional dependency /workspace/node_modules/@esbuild/android-arm64
194 silly reify mark deleted [ '/workspace/node_modules/@esbuild/android-arm64' ]
195 verbose reify failed optional dependency /workspace/node_modules/@esbuild/android-arm
196 silly reify mark deleted [ '/workspace/node_modules/@esbuild/android-arm' ]
197 verbose reify failed optional dependency /workspace/node_modules/@esbuild/aix-ppc64
198 silly reify mark deleted [ '/workspace/node_modules/@esbuild/aix-ppc64' ]
199 http fetch POST 200 https://registry.npmjs.org/-/npm/v1/security/advisories/bulk 196ms
200 silly audit report {
200 silly audit report   dompurify: [
200 silly audit report     {
200 silly audit report       id: 1105772,
200 silly audit report       url: 'https://github.com/advisories/GHSA-vhxf-7vqr-mrjg',
200 silly audit report       title: 'DOMPurify allows Cross-site Scripting (XSS)',
200 silly audit report       severity: 'moderate',
200 silly audit report       vulnerable_versions: '<3.2.4',
200 silly audit report       cwe: [Array],
200 silly audit report       cvss: [Object]
200 silly audit report     }
200 silly audit report   ],
200 silly audit report   esbuild: [
200 silly audit report     {
200 silly audit report       id: 1102341,
200 silly audit report       url: 'https://github.com/advisories/GHSA-67mh-4wv8-2f99',
200 silly audit report       title: 'esbuild enables any website to send any requests to the development server and read the response',
200 silly audit report       severity: 'moderate',
200 silly audit report       vulnerable_versions: '<=0.24.2',
200 silly audit report       cwe: [Array],
200 silly audit report       cvss: [Object]
200 silly audit report     }
200 silly audit report   ]
200 silly audit report }
201 silly packumentCache corgi:https://registry.npmjs.org/dompurify cache-miss
202 silly packumentCache corgi:https://registry.npmjs.org/esbuild cache-miss
203 http fetch GET 200 https://registry.npmjs.org/dompurify 5ms (cache hit)
204 silly packumentCache corgi:https://registry.npmjs.org/dompurify set size:231923 disposed:false
205 http fetch GET 200 https://registry.npmjs.org/esbuild 7ms (cache hit)
206 silly packumentCache corgi:https://registry.npmjs.org/esbuild set size:868362 disposed:false
207 silly packumentCache corgi:https://registry.npmjs.org/monaco-editor cache-miss
208 http fetch GET 200 https://registry.npmjs.org/monaco-editor 5ms (cache hit)
209 silly packumentCache corgi:https://registry.npmjs.org/monaco-editor set size:1656258 disposed:false
210 silly packumentCache corgi:https://registry.npmjs.org/vite cache-miss
211 http fetch GET 200 https://registry.npmjs.org/vite 4ms (cache hit)
212 silly packumentCache corgi:https://registry.npmjs.org/vite set size:2082899 disposed:false
213 silly packumentCache corgi:https://registry.npmjs.org/@monaco-editor%2freact cache-miss
214 http fetch GET 200 https://registry.npmjs.org/@monaco-editor%2freact 6ms (cache hit)
215 silly packumentCache corgi:https://registry.npmjs.org/@monaco-editor%2freact set size:227721 disposed:false
216 silly packumentCache corgi:https://registry.npmjs.org/@vitejs%2fplugin-react cache-miss
217 http fetch GET 200 https://registry.npmjs.org/@vitejs%2fplugin-react 3ms (cache hit)
218 silly packumentCache corgi:https://registry.npmjs.org/@vitejs%2fplugin-react set size:101158 disposed:false
219 silly ADD
220 silly ADD
221 silly ADD
222 silly ADD
223 silly ADD
224 silly ADD
225 silly ADD
226 silly ADD
227 silly ADD
228 silly ADD
229 silly ADD
230 silly ADD
231 silly ADD
232 silly ADD
233 silly ADD
234 silly ADD
235 silly ADD
236 silly ADD
237 silly ADD
238 silly ADD
239 silly ADD
240 silly ADD
241 silly ADD
242 silly ADD
243 silly ADD
244 silly ADD
245 silly ADD
246 silly ADD
247 silly ADD
248 silly ADD
249 silly ADD
250 silly ADD
251 silly ADD
252 silly ADD
253 silly ADD
254 silly ADD
255 silly ADD
256 silly ADD
257 silly ADD
258 silly ADD
259 silly ADD
260 silly ADD
261 silly ADD
262 silly CHANGE node_modules/scheduler
263 silly CHANGE node_modules/react-dom
264 silly CHANGE node_modules/react
265 silly REMOVE node_modules/@types/react-dom
266 verbose cwd /workspace
267 verbose os Linux 6.8.8-300.fc40.aarch64
268 verbose node v20.19.5
269 verbose npm  v10.8.2
270 verbose exit 0
271 info ok
