0 verbose cli /usr/local/bin/node /usr/local/bin/npm
1 info using npm@10.8.2
2 info using node@v20.19.5
3 silly config load:file:/usr/local/lib/node_modules/npm/npmrc
4 silly config load:file:/workspace/.npmrc
5 silly config load:file:/usr/local/etc/npmrc
6 verbose title npm install
7 verbose argv "install"
8 verbose logfile logs-max:10 dir:/workspace/.npm/_logs/2025-10-14T02_38_41_885Z-
9 verbose logfile /workspace/.npm/_logs/2025-10-14T02_38_41_885Z-debug-0.log
10 silly packumentCache heap:1047789568 maxSize:261947392 maxEntrySize:130973696
11 silly logfile done cleaning log files
12 silly idealTree buildDeps
13 silly fetch manifest @types/react-dom@^18.3.7
14 silly packumentCache full:https://registry.npmjs.org/@types%2freact-dom cache-miss
15 http fetch GET 200 https://registry.npmjs.org/@types%2freact-dom 14ms (cache hit)
16 silly packumentCache full:https://registry.npmjs.org/@types%2freact-dom set size:426214 disposed:false
17 silly fetch manifest @types/react@^18.3.26
18 silly packumentCache full:https://registry.npmjs.org/@types%2freact cache-miss
19 http fetch GET 200 https://registry.npmjs.org/@types%2freact 5ms (cache hit)
20 silly packumentCache full:https://registry.npmjs.org/@types%2freact set size:2504314 disposed:false
21 silly placeDep ROOT @types/react-dom@18.3.7 OK for: ocp-rbac-builder@0.1.0 want: ^18.3.7
22 silly reify moves {}
23 silly audit bulk request {
23 silly audit   '@babel/code-frame': [ '7.27.1' ],
23 silly audit   '@babel/compat-data': [ '7.28.4' ],
23 silly audit   '@babel/core': [ '7.28.4' ],
23 silly audit   '@babel/generator': [ '7.28.3' ],
23 silly audit   '@babel/helper-compilation-targets': [ '7.27.2' ],
23 silly audit   '@babel/helper-globals': [ '7.28.0' ],
23 silly audit   '@babel/helper-module-imports': [ '7.27.1' ],
23 silly audit   '@babel/helper-module-transforms': [ '7.28.3' ],
23 silly audit   '@babel/helper-plugin-utils': [ '7.27.1' ],
23 silly audit   '@babel/helper-string-parser': [ '7.27.1' ],
23 silly audit   '@babel/helper-validator-identifier': [ '7.27.1' ],
23 silly audit   '@babel/helper-validator-option': [ '7.27.1' ],
23 silly audit   '@babel/helpers': [ '7.28.4' ],
23 silly audit   '@babel/parser': [ '7.28.4' ],
23 silly audit   '@babel/plugin-transform-react-jsx-self': [ '7.27.1' ],
23 silly audit   '@babel/plugin-transform-react-jsx-source': [ '7.27.1' ],
23 silly audit   '@babel/template': [ '7.27.2' ],
23 silly audit   '@babel/traverse': [ '7.28.4' ],
23 silly audit   '@babel/types': [ '7.28.4' ],
23 silly audit   '@esbuild/aix-ppc64': [ '0.21.5' ],
23 silly audit   '@esbuild/android-arm': [ '0.21.5' ],
23 silly audit   '@esbuild/android-arm64': [ '0.21.5' ],
23 silly audit   '@esbuild/android-x64': [ '0.21.5' ],
23 silly audit   '@esbuild/darwin-arm64': [ '0.21.5' ],
23 silly audit   '@esbuild/darwin-x64': [ '0.21.5' ],
23 silly audit   '@esbuild/freebsd-arm64': [ '0.21.5' ],
23 silly audit   '@esbuild/freebsd-x64': [ '0.21.5' ],
23 silly audit   '@esbuild/linux-arm': [ '0.21.5' ],
23 silly audit   '@esbuild/linux-arm64': [ '0.21.5' ],
23 silly audit   '@esbuild/linux-ia32': [ '0.21.5' ],
23 silly audit   '@esbuild/linux-loong64': [ '0.21.5' ],
23 silly audit   '@esbuild/linux-mips64el': [ '0.21.5' ],
23 silly audit   '@esbuild/linux-ppc64': [ '0.21.5' ],
23 silly audit   '@esbuild/linux-riscv64': [ '0.21.5' ],
23 silly audit   '@esbuild/linux-s390x': [ '0.21.5' ],
23 silly audit   '@esbuild/linux-x64': [ '0.21.5' ],
23 silly audit   '@esbuild/netbsd-x64': [ '0.21.5' ],
23 silly audit   '@esbuild/openbsd-x64': [ '0.21.5' ],
23 silly audit   '@esbuild/sunos-x64': [ '0.21.5' ],
23 silly audit   '@esbuild/win32-arm64': [ '0.21.5' ],
23 silly audit   '@esbuild/win32-ia32': [ '0.21.5' ],
23 silly audit   '@esbuild/win32-x64': [ '0.21.5' ],
23 silly audit   '@jridgewell/gen-mapping': [ '0.3.13' ],
23 silly audit   '@jridgewell/remapping': [ '2.3.5' ],
23 silly audit   '@jridgewell/resolve-uri': [ '3.1.2' ],
23 silly audit   '@jridgewell/sourcemap-codec': [ '1.5.5' ],
23 silly audit   '@jridgewell/trace-mapping': [ '0.3.31' ],
23 silly audit   '@monaco-editor/loader': [ '1.6.0' ],
23 silly audit   '@monaco-editor/react': [ '4.7.0' ],
23 silly audit   '@patternfly/react-code-editor': [ '6.3.1' ],
23 silly audit   '@patternfly/react-core': [ '6.3.1' ],
23 silly audit   '@patternfly/react-icons': [ '6.3.1' ],
23 silly audit   '@patternfly/react-styles': [ '6.3.1' ],
23 silly audit   '@patternfly/react-tokens': [ '6.3.1' ],
23 silly audit   '@rolldown/pluginutils': [ '1.0.0-beta.27' ],
23 silly audit   '@rollup/rollup-android-arm-eabi': [ '4.52.4' ],
23 silly audit   '@rollup/rollup-android-arm64': [ '4.52.4' ],
23 silly audit   '@rollup/rollup-darwin-arm64': [ '4.52.4' ],
23 silly audit   '@rollup/rollup-darwin-x64': [ '4.52.4' ],
23 silly audit   '@rollup/rollup-freebsd-arm64': [ '4.52.4' ],
23 silly audit   '@rollup/rollup-freebsd-x64': [ '4.52.4' ],
23 silly audit   '@rollup/rollup-linux-arm-gnueabihf': [ '4.52.4' ],
23 silly audit   '@rollup/rollup-linux-arm-musleabihf': [ '4.52.4' ],
23 silly audit   '@rollup/rollup-linux-arm64-gnu': [ '4.52.4' ],
23 silly audit   '@rollup/rollup-linux-arm64-musl': [ '4.52.4' ],
23 silly audit   '@rollup/rollup-linux-loong64-gnu': [ '4.52.4' ],
23 silly audit   '@rollup/rollup-linux-ppc64-gnu': [ '4.52.4' ],
23 silly audit   '@rollup/rollup-linux-riscv64-gnu': [ '4.52.4' ],
23 silly audit   '@rollup/rollup-linux-riscv64-musl': [ '4.52.4' ],
23 silly audit   '@rollup/rollup-linux-s390x-gnu': [ '4.52.4' ],
23 silly audit   '@rollup/rollup-linux-x64-gnu': [ '4.52.4' ],
23 silly audit   '@rollup/rollup-linux-x64-musl': [ '4.52.4' ],
23 silly audit   '@rollup/rollup-openharmony-arm64': [ '4.52.4' ],
23 silly audit   '@rollup/rollup-win32-arm64-msvc': [ '4.52.4' ],
23 silly audit   '@rollup/rollup-win32-ia32-msvc': [ '4.52.4' ],
23 silly audit   '@rollup/rollup-win32-x64-gnu': [ '4.52.4' ],
23 silly audit   '@rollup/rollup-win32-x64-msvc': [ '4.52.4' ],
23 silly audit   '@types/babel__core': [ '7.20.5' ],
23 silly audit   '@types/babel__generator': [ '7.27.0' ],
23 silly audit   '@types/babel__template': [ '7.4.4' ],
23 silly audit   '@types/babel__traverse': [ '7.28.0' ],
23 silly audit   '@types/estree': [ '1.0.8' ],
23 silly audit   '@types/js-yaml': [ '4.0.9' ],
23 silly audit   '@types/prop-types': [ '15.7.15' ],
23 silly audit   '@types/react': [ '18.3.26' ],
23 silly audit   '@vitejs/plugin-react': [ '4.7.0' ],
23 silly audit   argparse: [ '2.0.1' ],
23 silly audit   'attr-accept': [ '2.2.5' ],
23 silly audit   'baseline-browser-mapping': [ '2.8.16' ],
23 silly audit   browserslist: [ '4.26.3' ],
23 silly audit   'caniuse-lite': [ '1.0.30001750' ],
23 silly audit   'convert-source-map': [ '2.0.0' ],
23 silly audit   cookie: [ '1.0.2' ],
23 silly audit   csstype: [ '3.1.3' ],
23 silly audit   debug: [ '4.4.3' ],
23 silly audit   dompurify: [ '3.1.7' ],
23 silly audit   'electron-to-chromium': [ '1.5.235' ],
23 silly audit   esbuild: [ '0.21.5' ],
23 silly audit   escalade: [ '3.2.0' ],
23 silly audit   'file-selector': [ '2.1.2' ],
23 silly audit   'focus-trap': [ '7.6.4' ],
23 silly audit   fsevents: [ '2.3.3' ],
23 silly audit   gensync: [ '1.0.0-beta.2' ],
23 silly audit   'js-tokens': [ '4.0.0' ],
23 silly audit   'js-yaml': [ '4.1.0' ],
23 silly audit   jsesc: [ '3.1.0' ],
23 silly audit   json5: [ '2.2.3' ],
23 silly audit   'loose-envify': [ '1.4.0' ],
23 silly audit   'lru-cache': [ '5.1.1' ],
23 silly audit   marked: [ '14.0.0' ],
23 silly audit   'monaco-editor': [ '0.54.0' ],
23 silly audit   ms: [ '2.1.3' ],
23 silly audit   nanoid: [ '3.3.11' ],
23 silly audit   'node-releases': [ '2.0.23' ],
23 silly audit   'object-assign': [ '4.1.1' ],
23 silly audit   picocolors: [ '1.1.1' ],
23 silly audit   postcss: [ '8.5.6' ],
23 silly audit   'prop-types': [ '15.8.1' ],
23 silly audit   react: [ '19.2.0' ],
23 silly audit   'react-dom': [ '19.2.0' ],
23 silly audit   'react-dropzone': [ '14.3.5' ],
23 silly audit   'react-is': [ '16.13.1' ],
23 silly audit   'react-refresh': [ '0.17.0' ],
23 silly audit   'react-router': [ '7.9.4' ],
23 silly audit   'react-router-dom': [ '7.9.4' ],
23 silly audit   rollup: [ '4.52.4' ],
23 silly audit   scheduler: [ '0.27.0' ],
23 silly audit   semver: [ '6.3.1' ],
23 silly audit   'set-cookie-parser': [ '2.7.1' ],
23 silly audit   'source-map-js': [ '1.2.1' ],
23 silly audit   'state-local': [ '1.0.7' ],
23 silly audit   tabbable: [ '6.2.0' ],
23 silly audit   tslib: [ '2.8.1' ],
23 silly audit   typescript: [ '5.9.3' ],
23 silly audit   'update-browserslist-db': [ '1.1.3' ],
23 silly audit   'use-sync-external-store': [ '1.6.0' ],
23 silly audit   vite: [ '5.4.20' ],
23 silly audit   yallist: [ '3.1.1' ],
23 silly audit   zustand: [ '4.5.7' ],
23 silly audit   '@types/react-dom': [ '18.3.7' ]
23 silly audit }
24 verbose reify failed optional dependency /workspace/node_modules/fsevents
25 silly reify mark deleted [ '/workspace/node_modules/fsevents' ]
26 verbose reify failed optional dependency /workspace/node_modules/@rollup/rollup-win32-x64-msvc
27 silly reify mark deleted [ '/workspace/node_modules/@rollup/rollup-win32-x64-msvc' ]
28 verbose reify failed optional dependency /workspace/node_modules/@rollup/rollup-win32-x64-gnu
29 silly reify mark deleted [ '/workspace/node_modules/@rollup/rollup-win32-x64-gnu' ]
30 verbose reify failed optional dependency /workspace/node_modules/@rollup/rollup-win32-ia32-msvc
31 silly reify mark deleted [ '/workspace/node_modules/@rollup/rollup-win32-ia32-msvc' ]
32 verbose reify failed optional dependency /workspace/node_modules/@rollup/rollup-win32-arm64-msvc
33 silly reify mark deleted [ '/workspace/node_modules/@rollup/rollup-win32-arm64-msvc' ]
34 verbose reify failed optional dependency /workspace/node_modules/@rollup/rollup-openharmony-arm64
35 silly reify mark deleted [ '/workspace/node_modules/@rollup/rollup-openharmony-arm64' ]
36 verbose reify failed optional dependency /workspace/node_modules/@rollup/rollup-linux-x64-musl
37 silly reify mark deleted [ '/workspace/node_modules/@rollup/rollup-linux-x64-musl' ]
38 verbose reify failed optional dependency /workspace/node_modules/@rollup/rollup-linux-x64-gnu
39 silly reify mark deleted [ '/workspace/node_modules/@rollup/rollup-linux-x64-gnu' ]
40 verbose reify failed optional dependency /workspace/node_modules/@rollup/rollup-linux-s390x-gnu
41 silly reify mark deleted [ '/workspace/node_modules/@rollup/rollup-linux-s390x-gnu' ]
42 verbose reify failed optional dependency /workspace/node_modules/@rollup/rollup-linux-riscv64-musl
43 silly reify mark deleted [ '/workspace/node_modules/@rollup/rollup-linux-riscv64-musl' ]
44 verbose reify failed optional dependency /workspace/node_modules/@rollup/rollup-linux-riscv64-gnu
45 silly reify mark deleted [ '/workspace/node_modules/@rollup/rollup-linux-riscv64-gnu' ]
46 verbose reify failed optional dependency /workspace/node_modules/@rollup/rollup-linux-ppc64-gnu
47 silly reify mark deleted [ '/workspace/node_modules/@rollup/rollup-linux-ppc64-gnu' ]
48 verbose reify failed optional dependency /workspace/node_modules/@rollup/rollup-linux-loong64-gnu
49 silly reify mark deleted [ '/workspace/node_modules/@rollup/rollup-linux-loong64-gnu' ]
50 verbose reify failed optional dependency /workspace/node_modules/@rollup/rollup-linux-arm-musleabihf
51 silly reify mark deleted [ '/workspace/node_modules/@rollup/rollup-linux-arm-musleabihf' ]
52 verbose reify failed optional dependency /workspace/node_modules/@rollup/rollup-linux-arm-gnueabihf
53 silly reify mark deleted [ '/workspace/node_modules/@rollup/rollup-linux-arm-gnueabihf' ]
54 verbose reify failed optional dependency /workspace/node_modules/@rollup/rollup-freebsd-x64
55 silly reify mark deleted [ '/workspace/node_modules/@rollup/rollup-freebsd-x64' ]
56 verbose reify failed optional dependency /workspace/node_modules/@rollup/rollup-freebsd-arm64
57 silly reify mark deleted [ '/workspace/node_modules/@rollup/rollup-freebsd-arm64' ]
58 verbose reify failed optional dependency /workspace/node_modules/@rollup/rollup-darwin-x64
59 silly reify mark deleted [ '/workspace/node_modules/@rollup/rollup-darwin-x64' ]
60 verbose reify failed optional dependency /workspace/node_modules/@rollup/rollup-darwin-arm64
61 silly reify mark deleted [ '/workspace/node_modules/@rollup/rollup-darwin-arm64' ]
62 verbose reify failed optional dependency /workspace/node_modules/@rollup/rollup-android-arm64
63 silly reify mark deleted [ '/workspace/node_modules/@rollup/rollup-android-arm64' ]
64 verbose reify failed optional dependency /workspace/node_modules/@rollup/rollup-android-arm-eabi
65 silly reify mark deleted [ '/workspace/node_modules/@rollup/rollup-android-arm-eabi' ]
66 verbose reify failed optional dependency /workspace/node_modules/@esbuild/win32-x64
67 silly reify mark deleted [ '/workspace/node_modules/@esbuild/win32-x64' ]
68 verbose reify failed optional dependency /workspace/node_modules/@esbuild/win32-ia32
69 silly reify mark deleted [ '/workspace/node_modules/@esbuild/win32-ia32' ]
70 verbose reify failed optional dependency /workspace/node_modules/@esbuild/win32-arm64
71 silly reify mark deleted [ '/workspace/node_modules/@esbuild/win32-arm64' ]
72 verbose reify failed optional dependency /workspace/node_modules/@esbuild/sunos-x64
73 silly reify mark deleted [ '/workspace/node_modules/@esbuild/sunos-x64' ]
74 verbose reify failed optional dependency /workspace/node_modules/@esbuild/openbsd-x64
75 silly reify mark deleted [ '/workspace/node_modules/@esbuild/openbsd-x64' ]
76 verbose reify failed optional dependency /workspace/node_modules/@esbuild/netbsd-x64
77 silly reify mark deleted [ '/workspace/node_modules/@esbuild/netbsd-x64' ]
78 verbose reify failed optional dependency /workspace/node_modules/@esbuild/linux-x64
79 silly reify mark deleted [ '/workspace/node_modules/@esbuild/linux-x64' ]
80 verbose reify failed optional dependency /workspace/node_modules/@esbuild/linux-s390x
81 silly reify mark deleted [ '/workspace/node_modules/@esbuild/linux-s390x' ]
82 verbose reify failed optional dependency /workspace/node_modules/@esbuild/linux-riscv64
83 silly reify mark deleted [ '/workspace/node_modules/@esbuild/linux-riscv64' ]
84 verbose reify failed optional dependency /workspace/node_modules/@esbuild/linux-ppc64
85 silly reify mark deleted [ '/workspace/node_modules/@esbuild/linux-ppc64' ]
86 verbose reify failed optional dependency /workspace/node_modules/@esbuild/linux-mips64el
87 silly reify mark deleted [ '/workspace/node_modules/@esbuild/linux-mips64el' ]
88 verbose reify failed optional dependency /workspace/node_modules/@esbuild/linux-loong64
89 silly reify mark deleted [ '/workspace/node_modules/@esbuild/linux-loong64' ]
90 verbose reify failed optional dependency /workspace/node_modules/@esbuild/linux-ia32
91 silly reify mark deleted [ '/workspace/node_modules/@esbuild/linux-ia32' ]
92 verbose reify failed optional dependency /workspace/node_modules/@esbuild/linux-arm
93 silly reify mark deleted [ '/workspace/node_modules/@esbuild/linux-arm' ]
94 verbose reify failed optional dependency /workspace/node_modules/@esbuild/freebsd-x64
95 silly reify mark deleted [ '/workspace/node_modules/@esbuild/freebsd-x64' ]
96 verbose reify failed optional dependency /workspace/node_modules/@esbuild/freebsd-arm64
97 silly reify mark deleted [ '/workspace/node_modules/@esbuild/freebsd-arm64' ]
98 verbose reify failed optional dependency /workspace/node_modules/@esbuild/darwin-x64
99 silly reify mark deleted [ '/workspace/node_modules/@esbuild/darwin-x64' ]
100 verbose reify failed optional dependency /workspace/node_modules/@esbuild/darwin-arm64
101 silly reify mark deleted [ '/workspace/node_modules/@esbuild/darwin-arm64' ]
102 verbose reify failed optional dependency /workspace/node_modules/@esbuild/android-x64
103 silly reify mark deleted [ '/workspace/node_modules/@esbuild/android-x64' ]
104 verbose reify failed optional dependency /workspace/node_modules/@esbuild/android-arm64
105 silly reify mark deleted [ '/workspace/node_modules/@esbuild/android-arm64' ]
106 verbose reify failed optional dependency /workspace/node_modules/@esbuild/android-arm
107 silly reify mark deleted [ '/workspace/node_modules/@esbuild/android-arm' ]
108 verbose reify failed optional dependency /workspace/node_modules/@esbuild/aix-ppc64
109 silly reify mark deleted [ '/workspace/node_modules/@esbuild/aix-ppc64' ]
110 http fetch POST 200 https://registry.npmjs.org/-/npm/v1/security/advisories/bulk 182ms
111 silly audit report {
111 silly audit report   dompurify: [
111 silly audit report     {
111 silly audit report       id: 1105772,
111 silly audit report       url: 'https://github.com/advisories/GHSA-vhxf-7vqr-mrjg',
111 silly audit report       title: 'DOMPurify allows Cross-site Scripting (XSS)',
111 silly audit report       severity: 'moderate',
111 silly audit report       vulnerable_versions: '<3.2.4',
111 silly audit report       cwe: [Array],
111 silly audit report       cvss: [Object]
111 silly audit report     }
111 silly audit report   ],
111 silly audit report   esbuild: [
111 silly audit report     {
111 silly audit report       id: 1102341,
111 silly audit report       url: 'https://github.com/advisories/GHSA-67mh-4wv8-2f99',
111 silly audit report       title: 'esbuild enables any website to send any requests to the development server and read the response',
111 silly audit report       severity: 'moderate',
111 silly audit report       vulnerable_versions: '<=0.24.2',
111 silly audit report       cwe: [Array],
111 silly audit report       cvss: [Object]
111 silly audit report     }
111 silly audit report   ]
111 silly audit report }
112 silly packumentCache corgi:https://registry.npmjs.org/dompurify cache-miss
113 silly packumentCache corgi:https://registry.npmjs.org/esbuild cache-miss
114 http fetch GET 200 https://registry.npmjs.org/dompurify 8ms (cache hit)
115 silly packumentCache corgi:https://registry.npmjs.org/dompurify set size:231923 disposed:false
116 http fetch GET 200 https://registry.npmjs.org/esbuild 10ms (cache hit)
117 silly packumentCache corgi:https://registry.npmjs.org/esbuild set size:868362 disposed:false
118 silly packumentCache corgi:https://registry.npmjs.org/monaco-editor cache-miss
119 http fetch GET 200 https://registry.npmjs.org/monaco-editor 6ms (cache hit)
120 silly packumentCache corgi:https://registry.npmjs.org/monaco-editor set size:1656258 disposed:false
121 silly packumentCache corgi:https://registry.npmjs.org/vite cache-miss
122 http fetch GET 200 https://registry.npmjs.org/vite 5ms (cache hit)
123 silly packumentCache corgi:https://registry.npmjs.org/vite set size:2082899 disposed:false
124 silly packumentCache corgi:https://registry.npmjs.org/@monaco-editor%2freact cache-miss
125 http fetch GET 200 https://registry.npmjs.org/@monaco-editor%2freact 4ms (cache hit)
126 silly packumentCache corgi:https://registry.npmjs.org/@monaco-editor%2freact set size:227721 disposed:false
127 silly packumentCache corgi:https://registry.npmjs.org/@vitejs%2fplugin-react cache-miss
128 http fetch GET 200 https://registry.npmjs.org/@vitejs%2fplugin-react 5ms (cache hit)
129 silly packumentCache corgi:https://registry.npmjs.org/@vitejs%2fplugin-react set size:101158 disposed:false
130 silly ADD node_modules/@types/react-dom
131 silly ADD
132 silly ADD
133 silly ADD
134 silly ADD
135 silly ADD
136 silly ADD
137 silly ADD
138 silly ADD
139 silly ADD
140 silly ADD
141 silly ADD
142 silly ADD
143 silly ADD
144 silly ADD
145 silly ADD
146 silly ADD
147 silly ADD
148 silly ADD
149 silly ADD
150 silly ADD
151 silly ADD
152 silly ADD
153 silly ADD
154 silly ADD
155 silly ADD
156 silly ADD
157 silly ADD
158 silly ADD
159 silly ADD
160 silly ADD
161 silly ADD
162 silly ADD
163 silly ADD
164 silly ADD
165 silly ADD
166 silly ADD
167 silly ADD
168 silly ADD
169 silly ADD
170 silly ADD
171 silly ADD
172 silly ADD
173 silly ADD
174 verbose cwd /workspace
175 verbose os Linux 6.8.8-300.fc40.aarch64
176 verbose node v20.19.5
177 verbose npm  v10.8.2
178 verbose exit 0
179 info ok
