0 verbose cli /usr/local/bin/node /usr/local/bin/npm
1 info using npm@10.8.2
2 info using node@v20.19.5
3 silly config load:file:/usr/local/lib/node_modules/npm/npmrc
4 silly config load:file:/workspace/.npmrc
5 silly config load:file:/usr/local/etc/npmrc
6 verbose title npm create vite@latest . --template react-ts
7 verbose argv "create" "vite@latest" "." "--" "--template" "react-ts"
8 verbose logfile logs-max:10 dir:/workspace/.npm/_logs/2025-10-14T02_34_09_354Z-
9 verbose logfile /workspace/.npm/_logs/2025-10-14T02_34_09_354Z-debug-0.log
10 silly logfile done cleaning log files
11 silly packumentCache heap:1047789568 maxSize:261947392 maxEntrySize:130973696
12 http fetch GET 200 https://registry.npmjs.org/npm 125ms
13 http fetch GET 200 https://registry.npmjs.org/create-vite 138ms (cache miss)
14 silly packumentCache heap:1047789568 maxSize:261947392 maxEntrySize:130973696
15 warn exec The following package was not found and will be installed: create-vite@8.0.2
16 silly idealTree buildDeps
17 silly fetch manifest create-vite@8.0.2
18 silly packumentCache full:https://registry.npmjs.org/create-vite cache-miss
19 http fetch GET 200 https://registry.npmjs.org/create-vite 53ms (cache miss)
20 silly packumentCache full:https://registry.npmjs.org/create-vite set size:undefined disposed:false
21 silly placeDep ROOT create-vite@8.0.2 OK for:  want: 8.0.2
22 silly reify moves {}
23 silly audit bulk request { 'create-vite': [ '8.0.2' ] }
24 silly tarball no local data for create-vite@https://registry.npmjs.org/create-vite/-/create-vite-8.0.2.tgz. Extracting by manifest.
25 http fetch GET 200 https://registry.npmjs.org/create-vite/-/create-vite-8.0.2.tgz 96ms (cache miss)
26 http fetch POST 200 https://registry.npmjs.org/-/npm/v1/security/advisories/bulk 159ms
27 silly audit report {}
28 verbose cwd /workspace
29 verbose os Linux 6.8.8-300.fc40.aarch64
30 verbose node v20.19.5
31 verbose npm  v10.8.2
32 notice
32 notice New major version of npm available! 10.8.2 -> 11.6.2
32 notice Changelog: https://github.com/npm/cli/releases/tag/v11.6.2
32 notice To update run: npm install -g npm@11.6.2
32 notice  { force: true, [Symbol(proc-log.meta)]: true }
33 verbose exit 0
34 info ok
